Tue Oct 24 2023 21:29:15 GMT-0300 (Horário Padrão de Brasília) - /usuarios Bearer eyJhbGciOiJIUzI1NiIsInR5cCI6IkpXVCJ9.eyJ1c3VhcmlvIjp7Im5vbWUiOiJtYXJjb3MiLCJsb2dpbiI6Im1hcmNvc2FudG9uaW8iLCJlbWFpbCI6Im1hcmNvc2FudG9uaW9AdW5pdmFzLmVkdS5iciIsImlkIjoxfSwiaWF0IjoxNjk3NTg5NzI3fQ.upRlkABPEAJaSVf9nrEx7SoAbFit4KVmyFLw89cmtYA
Tue Oct 24 2023 21:50:22 GMT-0300 (Horário Padrão de Brasília) - /docs 
Tue Oct 24 2023 21:50:22 GMT-0300 (Horário Padrão de Brasília) - /docs/ 
Tue Oct 24 2023 21:50:22 GMT-0300 (Horário Padrão de Brasília) - /docs/swagger-ui.css 
Tue Oct 24 2023 21:50:22 GMT-0300 (Horário Padrão de Brasília) - /docs/swagger-ui-bundle.js 
Tue Oct 24 2023 21:50:22 GMT-0300 (Horário Padrão de Brasília) - /docs/swagger-ui-standalone-preset.js 
Tue Oct 24 2023 21:50:22 GMT-0300 (Horário Padrão de Brasília) - /docs/swagger-ui-init.js 
Tue Oct 24 2023 21:50:23 GMT-0300 (Horário Padrão de Brasília) - /docs/favicon-32x32.png 
Tue Oct 24 2023 21:57:31 GMT-0300 (Horário Padrão de Brasília) - /docs/ 
Tue Oct 24 2023 21:57:31 GMT-0300 (Horário Padrão de Brasília) - /docs/swagger-ui.css 
Tue Oct 24 2023 21:57:31 GMT-0300 (Horário Padrão de Brasília) - /docs/swagger-ui-bundle.js 
Tue Oct 24 2023 21:57:31 GMT-0300 (Horário Padrão de Brasília) - /docs/swagger-ui-standalone-preset.js 
Tue Oct 24 2023 21:57:31 GMT-0300 (Horário Padrão de Brasília) - /docs/swagger-ui-init.js 
Tue Oct 24 2023 21:57:31 GMT-0300 (Horário Padrão de Brasília) - /docs/favicon-32x32.png 
Wed Oct 25 2023 19:33:45 GMT-0300 (Horário Padrão de Brasília) - /docs/ 
Wed Oct 25 2023 19:33:45 GMT-0300 (Horário Padrão de Brasília) - /docs/swagger-ui.css 
Wed Oct 25 2023 19:33:45 GMT-0300 (Horário Padrão de Brasília) - /docs/swagger-ui-bundle.js 
Wed Oct 25 2023 19:33:45 GMT-0300 (Horário Padrão de Brasília) - /docs/swagger-ui-standalone-preset.js 
Wed Oct 25 2023 19:33:45 GMT-0300 (Horário Padrão de Brasília) - /docs/swagger-ui-init.js 
Wed Oct 25 2023 19:34:11 GMT-0300 (Horário Padrão de Brasília) - /docs/ 
Wed Oct 25 2023 19:34:11 GMT-0300 (Horário Padrão de Brasília) - /docs/swagger-ui.css 
Wed Oct 25 2023 19:34:11 GMT-0300 (Horário Padrão de Brasília) - /docs/swagger-ui-bundle.js 
Wed Oct 25 2023 19:34:11 GMT-0300 (Horário Padrão de Brasília) - /docs/swagger-ui-standalone-preset.js 
Wed Oct 25 2023 19:34:11 GMT-0300 (Horário Padrão de Brasília) - /docs/swagger-ui-init.js 
Wed Oct 25 2023 19:34:11 GMT-0300 (Horário Padrão de Brasília) - /docs/favicon-32x32.png 
Wed Oct 25 2023 19:36:51 GMT-0300 (Horário Padrão de Brasília) - /docs/ 
Wed Oct 25 2023 19:36:51 GMT-0300 (Horário Padrão de Brasília) - /docs/swagger-ui.css 
Wed Oct 25 2023 19:36:51 GMT-0300 (Horário Padrão de Brasília) - /docs/swagger-ui-bundle.js 
Wed Oct 25 2023 19:36:51 GMT-0300 (Horário Padrão de Brasília) - /docs/swagger-ui-standalone-preset.js 
Wed Oct 25 2023 19:36:51 GMT-0300 (Horário Padrão de Brasília) - /docs/swagger-ui-init.js 
Wed Oct 25 2023 19:36:51 GMT-0300 (Horário Padrão de Brasília) - /docs/favicon-32x32.png 
Wed Oct 25 2023 19:37:33 GMT-0300 (Horário Padrão de Brasília) - /docs/ 
Wed Oct 25 2023 19:37:33 GMT-0300 (Horário Padrão de Brasília) - /docs/swagger-ui.css 
Wed Oct 25 2023 19:37:33 GMT-0300 (Horário Padrão de Brasília) - /docs/swagger-ui-bundle.js 
Wed Oct 25 2023 19:37:33 GMT-0300 (Horário Padrão de Brasília) - /docs/swagger-ui-standalone-preset.js 
Wed Oct 25 2023 19:37:33 GMT-0300 (Horário Padrão de Brasília) - /docs/swagger-ui-init.js 
Wed Oct 25 2023 19:37:33 GMT-0300 (Horário Padrão de Brasília) - /docs/favicon-32x32.png 
Wed Oct 25 2023 19:37:37 GMT-0300 (Horário Padrão de Brasília) - /docs/ 
Wed Oct 25 2023 19:37:37 GMT-0300 (Horário Padrão de Brasília) - /docs/swagger-ui.css 
Wed Oct 25 2023 19:37:37 GMT-0300 (Horário Padrão de Brasília) - /docs/swagger-ui-bundle.js 
Wed Oct 25 2023 19:37:37 GMT-0300 (Horário Padrão de Brasília) - /docs/swagger-ui-standalone-preset.js 
Wed Oct 25 2023 19:37:37 GMT-0300 (Horário Padrão de Brasília) - /docs/swagger-ui-init.js 
Wed Oct 25 2023 19:38:25 GMT-0300 (Horário Padrão de Brasília) - /docs/ 
Wed Oct 25 2023 19:38:25 GMT-0300 (Horário Padrão de Brasília) - /docs/swagger-ui.css 
Wed Oct 25 2023 19:38:25 GMT-0300 (Horário Padrão de Brasília) - /docs/swagger-ui-bundle.js 
Wed Oct 25 2023 19:38:25 GMT-0300 (Horário Padrão de Brasília) - /docs/swagger-ui-standalone-preset.js 
Wed Oct 25 2023 19:38:25 GMT-0300 (Horário Padrão de Brasília) - /docs/swagger-ui-init.js 
Wed Oct 25 2023 19:38:25 GMT-0300 (Horário Padrão de Brasília) - /docs/favicon-32x32.png 
Wed Oct 25 2023 19:38:50 GMT-0300 (Horário Padrão de Brasília) - /docs/ 
Wed Oct 25 2023 19:38:50 GMT-0300 (Horário Padrão de Brasília) - /docs/swagger-ui.css 
Wed Oct 25 2023 19:38:50 GMT-0300 (Horário Padrão de Brasília) - /docs/swagger-ui-bundle.js 
Wed Oct 25 2023 19:38:50 GMT-0300 (Horário Padrão de Brasília) - /docs/swagger-ui-standalone-preset.js 
Wed Oct 25 2023 19:38:50 GMT-0300 (Horário Padrão de Brasília) - /docs/swagger-ui-init.js 
Wed Oct 25 2023 19:38:50 GMT-0300 (Horário Padrão de Brasília) - /docs/favicon-32x32.png 
Wed Oct 25 2023 19:38:56 GMT-0300 (Horário Padrão de Brasília) - /docs/ 
Wed Oct 25 2023 19:38:56 GMT-0300 (Horário Padrão de Brasília) - /docs/swagger-ui.css 
Wed Oct 25 2023 19:38:56 GMT-0300 (Horário Padrão de Brasília) - /docs/swagger-ui-bundle.js 
Wed Oct 25 2023 19:38:56 GMT-0300 (Horário Padrão de Brasília) - /docs/swagger-ui-standalone-preset.js 
Wed Oct 25 2023 19:38:56 GMT-0300 (Horário Padrão de Brasília) - /docs/swagger-ui-init.js 
Wed Oct 25 2023 19:38:56 GMT-0300 (Horário Padrão de Brasília) - /docs/favicon-32x32.png 
Wed Oct 25 2023 19:41:35 GMT-0300 (Horário Padrão de Brasília) - /docs/ 
Wed Oct 25 2023 19:41:36 GMT-0300 (Horário Padrão de Brasília) - /docs/swagger-ui.css 
Wed Oct 25 2023 19:41:36 GMT-0300 (Horário Padrão de Brasília) - /docs/swagger-ui-bundle.js 
Wed Oct 25 2023 19:41:36 GMT-0300 (Horário Padrão de Brasília) - /docs/swagger-ui-standalone-preset.js 
Wed Oct 25 2023 19:41:36 GMT-0300 (Horário Padrão de Brasília) - /docs/swagger-ui-init.js 
Wed Oct 25 2023 19:41:36 GMT-0300 (Horário Padrão de Brasília) - /docs/favicon-32x32.png 
Wed Oct 25 2023 19:42:19 GMT-0300 (Horário Padrão de Brasília) - /docs/ 
Wed Oct 25 2023 19:42:19 GMT-0300 (Horário Padrão de Brasília) - /docs/swagger-ui.css 
Wed Oct 25 2023 19:42:19 GMT-0300 (Horário Padrão de Brasília) - /docs/swagger-ui-bundle.js 
Wed Oct 25 2023 19:42:19 GMT-0300 (Horário Padrão de Brasília) - /docs/swagger-ui-standalone-preset.js 
Wed Oct 25 2023 19:42:19 GMT-0300 (Horário Padrão de Brasília) - /docs/swagger-ui-init.js 
Wed Oct 25 2023 19:42:20 GMT-0300 (Horário Padrão de Brasília) - /docs/favicon-32x32.png 
Wed Oct 25 2023 19:43:35 GMT-0300 (Horário Padrão de Brasília) - /docs/ 
Wed Oct 25 2023 19:43:35 GMT-0300 (Horário Padrão de Brasília) - /docs/swagger-ui.css 
Wed Oct 25 2023 19:43:35 GMT-0300 (Horário Padrão de Brasília) - /docs/swagger-ui-bundle.js 
Wed Oct 25 2023 19:43:35 GMT-0300 (Horário Padrão de Brasília) - /docs/swagger-ui-standalone-preset.js 
Wed Oct 25 2023 19:43:35 GMT-0300 (Horário Padrão de Brasília) - /docs/swagger-ui-init.js 
Wed Oct 25 2023 19:43:35 GMT-0300 (Horário Padrão de Brasília) - /docs/favicon-32x32.png 
Wed Oct 25 2023 19:44:40 GMT-0300 (Horário Padrão de Brasília) - /docs/ 
Wed Oct 25 2023 19:44:40 GMT-0300 (Horário Padrão de Brasília) - /docs/swagger-ui.css 
Wed Oct 25 2023 19:44:40 GMT-0300 (Horário Padrão de Brasília) - /docs/swagger-ui-bundle.js 
Wed Oct 25 2023 19:44:40 GMT-0300 (Horário Padrão de Brasília) - /docs/swagger-ui-standalone-preset.js 
Wed Oct 25 2023 19:44:40 GMT-0300 (Horário Padrão de Brasília) - /docs/swagger-ui-init.js 
Wed Oct 25 2023 19:44:40 GMT-0300 (Horário Padrão de Brasília) - /docs/favicon-32x32.png 
Wed Oct 25 2023 19:47:00 GMT-0300 (Horário Padrão de Brasília) - /docs/ 
Wed Oct 25 2023 19:47:00 GMT-0300 (Horário Padrão de Brasília) - /docs/swagger-ui.css 
Wed Oct 25 2023 19:47:00 GMT-0300 (Horário Padrão de Brasília) - /docs/swagger-ui-bundle.js 
Wed Oct 25 2023 19:47:00 GMT-0300 (Horário Padrão de Brasília) - /docs/swagger-ui-standalone-preset.js 
Wed Oct 25 2023 19:47:00 GMT-0300 (Horário Padrão de Brasília) - /docs/swagger-ui-init.js 
Wed Oct 25 2023 19:47:00 GMT-0300 (Horário Padrão de Brasília) - /docs/favicon-32x32.png 
Wed Oct 25 2023 19:47:57 GMT-0300 (Horário Padrão de Brasília) - /docs/ 
Wed Oct 25 2023 19:47:57 GMT-0300 (Horário Padrão de Brasília) - /docs/swagger-ui.css 
Wed Oct 25 2023 19:47:57 GMT-0300 (Horário Padrão de Brasília) - /docs/swagger-ui-bundle.js 
Wed Oct 25 2023 19:47:57 GMT-0300 (Horário Padrão de Brasília) - /docs/swagger-ui-standalone-preset.js 
Wed Oct 25 2023 19:47:57 GMT-0300 (Horário Padrão de Brasília) - /docs/swagger-ui-init.js 
Wed Oct 25 2023 19:47:57 GMT-0300 (Horário Padrão de Brasília) - /docs/favicon-32x32.png 
Wed Oct 25 2023 19:48:52 GMT-0300 (Horário Padrão de Brasília) - /docs/ 
Wed Oct 25 2023 19:48:52 GMT-0300 (Horário Padrão de Brasília) - /docs/swagger-ui.css 
Wed Oct 25 2023 19:48:52 GMT-0300 (Horário Padrão de Brasília) - /docs/swagger-ui-bundle.js 
Wed Oct 25 2023 19:48:52 GMT-0300 (Horário Padrão de Brasília) - /docs/swagger-ui-standalone-preset.js 
Wed Oct 25 2023 19:48:52 GMT-0300 (Horário Padrão de Brasília) - /docs/swagger-ui-init.js 
Wed Oct 25 2023 19:48:52 GMT-0300 (Horário Padrão de Brasília) - /docs/favicon-32x32.png 
Wed Oct 25 2023 19:50:12 GMT-0300 (Horário Padrão de Brasília) - /docs/ 
Wed Oct 25 2023 19:50:12 GMT-0300 (Horário Padrão de Brasília) - /docs/swagger-ui.css 
Wed Oct 25 2023 19:50:12 GMT-0300 (Horário Padrão de Brasília) - /docs/swagger-ui-bundle.js 
Wed Oct 25 2023 19:50:12 GMT-0300 (Horário Padrão de Brasília) - /docs/swagger-ui-standalone-preset.js 
Wed Oct 25 2023 19:50:12 GMT-0300 (Horário Padrão de Brasília) - /docs/swagger-ui-init.js 
Wed Oct 25 2023 19:50:12 GMT-0300 (Horário Padrão de Brasília) - /docs/favicon-32x32.png 
Wed Oct 25 2023 19:52:12 GMT-0300 (Horário Padrão de Brasília) - /docs/ 
Wed Oct 25 2023 19:52:12 GMT-0300 (Horário Padrão de Brasília) - /docs/swagger-ui.css 
Wed Oct 25 2023 19:52:12 GMT-0300 (Horário Padrão de Brasília) - /docs/swagger-ui-bundle.js 
Wed Oct 25 2023 19:52:12 GMT-0300 (Horário Padrão de Brasília) - /docs/swagger-ui-init.js 
Wed Oct 25 2023 19:52:12 GMT-0300 (Horário Padrão de Brasília) - /docs/swagger-ui-standalone-preset.js 
Wed Oct 25 2023 19:52:12 GMT-0300 (Horário Padrão de Brasília) - /docs/favicon-32x32.png 
